<?xml version="1.0" encoding="UTF-8"?>
<!-- Generated by org.testng.reporters.JUnitXMLReporter -->
<testsuite ignored="0" hostname="ashila_0504" failures="0" tests="6" name="Test" time="33.083" errors="0" timestamp="2026-04-16T11:11:57 IST">
  <testcase classname="com.automation.tests.FormTest" name="testForm" time="5.396"/>
  <testcase classname="com.automation.tests.FormTest" name="testForm" time="5.133"/>
  <testcase classname="com.automation.tests.WebTableTest" name="testWebTable" time="4.09"/>
  <testcase classname="com.automation.tests.AlertTest" name="testAlert" time="3.361"/>
  <testcase classname="com.automation.tests.FrameTest" name="testFrame" time="3.208"/>
  <testcase classname="com.automation.tests.WidgetTest" name="testWidget" time="5.989"/>
</testsuite> <!-- Test -->
