<?xml version="1.0" encoding="UTF-8"?>
<testng-results ignored="0" total="6" passed="6" failed="0" skipped="0">
  <reporter-output>
  </reporter-output>
  <suite started-at="2026-04-16T11:11:24 IST" name="Suite" finished-at="2026-04-16T11:11:57 IST" duration-ms="33083">
    <groups>
    </groups>
    <test started-at="2026-04-16T11:11:24 IST" name="Test" finished-at="2026-04-16T11:11:57 IST" duration-ms="33083">
      <class name="com.automation.tests.FormTest">
        <test-method is-config="true" signature="setup(org.testng.ITestContext)[pri:0, instance:com.automation.tests.FormTest@4c583ecf]" started-at="2026-04-16T11:11:24 IST" name="setup" finished-at="2026-04-16T11:11:26 IST" duration-ms="1490" status="PASS">
          <params>
            <param index="0">
              <value>
                <![CDATA[org.testng.TestRunner@11f406f8]]>
              </value>
            </param>
          </params>
          <reporter-output>
          </reporter-output>
        </test-method> <!-- setup -->
        <test-method signature="testForm(java.lang.String,java.lang.String)[pri:0, instance:com.automation.tests.FormTest@4c583ecf]" started-at="2026-04-16T11:11:26 IST" name="testForm" data-provider="formData" finished-at="2026-04-16T11:11:31 IST" duration-ms="5396" status="PASS">
          <params>
            <param index="0">
              <value>
                <![CDATA[Ashila]]>
              </value>
            </param>
            <param index="1">
              <value>
                <![CDATA[ashila@test.com]]>
              </value>
            </param>
          </params>
          <reporter-output>
          </reporter-output>
        </test-method> <!-- testForm -->
        <test-method is-config="true" signature="tearDown()[pri:0, instance:com.automation.tests.FormTest@4c583ecf]" started-at="2026-04-16T11:11:31 IST" name="tearDown" finished-at="2026-04-16T11:11:31 IST" duration-ms="152" status="PASS">
          <reporter-output>
          </reporter-output>
        </test-method> <!-- tearDown -->
        <test-method is-config="true" signature="setup(org.testng.ITestContext)[pri:0, instance:com.automation.tests.FormTest@4c583ecf]" started-at="2026-04-16T11:11:31 IST" name="setup" finished-at="2026-04-16T11:11:32 IST" duration-ms="727" status="PASS">
          <params>
            <param index="0">
              <value>
                <![CDATA[org.testng.TestRunner@11f406f8]]>
              </value>
            </param>
          </params>
          <reporter-output>
          </reporter-output>
        </test-method> <!-- setup -->
        <test-method signature="testForm(java.lang.String,java.lang.String)[pri:0, instance:com.automation.tests.FormTest@4c583ecf]" started-at="2026-04-16T11:11:32 IST" name="testForm" data-provider="formData" finished-at="2026-04-16T11:11:37 IST" duration-ms="5133" status="PASS">
          <params>
            <param index="0">
              <value>
                <![CDATA[TestUser]]>
              </value>
            </param>
            <param index="1">
              <value>
                <![CDATA[test@test.com]]>
              </value>
            </param>
          </params>
          <reporter-output>
          </reporter-output>
        </test-method> <!-- testForm -->
        <test-method is-config="true" signature="tearDown()[pri:0, instance:com.automation.tests.FormTest@4c583ecf]" started-at="2026-04-16T11:11:37 IST" name="tearDown" finished-at="2026-04-16T11:11:37 IST" duration-ms="142" status="PASS">
          <reporter-output>
          </reporter-output>
        </test-method> <!-- tearDown -->
      </class> <!-- com.automation.tests.FormTest -->
      <class name="com.automation.tests.WebTableTest">
        <test-method is-config="true" signature="setup(org.testng.ITestContext)[pri:0, instance:com.automation.tests.WebTableTest@22ff4249]" started-at="2026-04-16T11:11:37 IST" name="setup" finished-at="2026-04-16T11:11:38 IST" duration-ms="706" status="PASS">
          <params>
            <param index="0">
              <value>
                <![CDATA[org.testng.TestRunner@11f406f8]]>
              </value>
            </param>
          </params>
          <reporter-output>
          </reporter-output>
        </test-method> <!-- setup -->
        <test-method signature="testWebTable()[pri:0, instance:com.automation.tests.WebTableTest@22ff4249]" started-at="2026-04-16T11:11:38 IST" name="testWebTable" finished-at="2026-04-16T11:11:42 IST" duration-ms="4090" status="PASS">
          <reporter-output>
          </reporter-output>
        </test-method> <!-- testWebTable -->
        <test-method is-config="true" signature="tearDown()[pri:0, instance:com.automation.tests.WebTableTest@22ff4249]" started-at="2026-04-16T11:11:42 IST" name="tearDown" finished-at="2026-04-16T11:11:42 IST" duration-ms="149" status="PASS">
          <reporter-output>
          </reporter-output>
        </test-method> <!-- tearDown -->
      </class> <!-- com.automation.tests.WebTableTest -->
      <class name="com.automation.tests.FrameTest">
        <test-method is-config="true" signature="setup(org.testng.ITestContext)[pri:0, instance:com.automation.tests.FrameTest@4c402120]" started-at="2026-04-16T11:11:47 IST" name="setup" finished-at="2026-04-16T11:11:47 IST" duration-ms="648" status="PASS">
          <params>
            <param index="0">
              <value>
                <![CDATA[org.testng.TestRunner@11f406f8]]>
              </value>
            </param>
          </params>
          <reporter-output>
          </reporter-output>
        </test-method> <!-- setup -->
        <test-method signature="testFrame()[pri:0, instance:com.automation.tests.FrameTest@4c402120]" started-at="2026-04-16T11:11:47 IST" name="testFrame" finished-at="2026-04-16T11:11:51 IST" duration-ms="3208" status="PASS">
          <reporter-output>
          </reporter-output>
        </test-method> <!-- testFrame -->
        <test-method is-config="true" signature="tearDown()[pri:0, instance:com.automation.tests.FrameTest@4c402120]" started-at="2026-04-16T11:11:51 IST" name="tearDown" finished-at="2026-04-16T11:11:51 IST" duration-ms="162" status="PASS">
          <reporter-output>
          </reporter-output>
        </test-method> <!-- tearDown -->
      </class> <!-- com.automation.tests.FrameTest -->
      <class name="com.automation.tests.AlertTest">
        <test-method is-config="true" signature="setup(org.testng.ITestContext)[pri:0, instance:com.automation.tests.AlertTest@2d1ef81a]" started-at="2026-04-16T11:11:42 IST" name="setup" finished-at="2026-04-16T11:11:43 IST" duration-ms="733" status="PASS">
          <params>
            <param index="0">
              <value>
                <![CDATA[org.testng.TestRunner@11f406f8]]>
              </value>
            </param>
          </params>
          <reporter-output>
          </reporter-output>
        </test-method> <!-- setup -->
        <test-method signature="testAlert()[pri:0, instance:com.automation.tests.AlertTest@2d1ef81a]" started-at="2026-04-16T11:11:43 IST" name="testAlert" finished-at="2026-04-16T11:11:47 IST" duration-ms="3361" status="PASS">
          <reporter-output>
          </reporter-output>
        </test-method> <!-- testAlert -->
        <test-method is-config="true" signature="tearDown()[pri:0, instance:com.automation.tests.AlertTest@2d1ef81a]" started-at="2026-04-16T11:11:47 IST" name="tearDown" finished-at="2026-04-16T11:11:47 IST" duration-ms="148" status="PASS">
          <reporter-output>
          </reporter-output>
        </test-method> <!-- tearDown -->
      </class> <!-- com.automation.tests.AlertTest -->
      <class name="com.automation.tests.WidgetTest">
        <test-method is-config="true" signature="setup(org.testng.ITestContext)[pri:0, instance:com.automation.tests.WidgetTest@327514f]" started-at="2026-04-16T11:11:51 IST" name="setup" finished-at="2026-04-16T11:11:51 IST" duration-ms="658" status="PASS">
          <params>
            <param index="0">
              <value>
                <![CDATA[org.testng.TestRunner@11f406f8]]>
              </value>
            </param>
          </params>
          <reporter-output>
          </reporter-output>
        </test-method> <!-- setup -->
        <test-method signature="testWidget()[pri:0, instance:com.automation.tests.WidgetTest@327514f]" started-at="2026-04-16T11:11:51 IST" name="testWidget" finished-at="2026-04-16T11:11:57 IST" duration-ms="5989" status="PASS">
          <reporter-output>
          </reporter-output>
        </test-method> <!-- testWidget -->
        <test-method is-config="true" signature="tearDown()[pri:0, instance:com.automation.tests.WidgetTest@327514f]" started-at="2026-04-16T11:11:57 IST" name="tearDown" finished-at="2026-04-16T11:11:57 IST" duration-ms="130" status="PASS">
          <reporter-output>
          </reporter-output>
        </test-method> <!-- tearDown -->
      </class> <!-- com.automation.tests.WidgetTest -->
    </test> <!-- Test -->
  </suite> <!-- Suite -->
</testng-results>
